This file contains any messages produced by compilers while
running configure, to aid debugging if configure makes a mistake.

It was created by configure, which was
generated by GNU Autoconf 2.53.  Invocation command line was

  $ ./configure 

## --------- ##
## Platform. ##
## --------- ##

hostname = SrvWork
uname -m = i686
uname -r = 2.4.20-8
uname -s = Linux
uname -v = #1 Thu Mar 13 17:54:28 EST 2003

/usr/bin/uname -p = unknown
/bin/uname -X     = unknown

/bin/arch              = i686
/usr/bin/arch -k       = unknown
/usr/convex/getsysinfo = unknown
hostinfo               = unknown
/bin/machine           = unknown
/usr/bin/oslevel       = unknown
/bin/universe          = unknown

PATH: .
PATH: /usr/local/bin
PATH: /bin
PATH: /usr/bin
PATH: /usr/X11R6/bin
PATH: /home/chetang/bin


## ----------- ##
## Core tests. ##
## ----------- ##

configure:1201: checking if target platform is VxWorks
configure:1230: result: no
configure:1281: checking for gcc
configure:1297: found /usr/bin/gcc
configure:1307: result: gcc
configure:1551: checking for C compiler version
configure:1554: gcc --version </dev/null >&5
gcc (GCC) 3.2.2 20030222 (Red Hat Linux 3.2.2-5)
Copyright (C) 2002 Free Software Foundation, Inc.
This is free software; see the source for copying conditions.  There is NO
warranty; not even for MERCHANTABILITY or FITNESS FOR A PARTICULAR PURPOSE.

configure:1557: $? = 0
configure:1559: gcc -v </dev/null >&5
Reading specs from /usr/lib/gcc-lib/i386-redhat-linux/3.2.2/specs
Configured with: ../configure --prefix=/usr --mandir=/usr/share/man --infodir=/usr/share/info --enable-shared --enable-threads=posix --disable-checking --with-system-zlib --enable-__cxa_atexit --host=i386-redhat-linux
Thread model: posix
gcc version 3.2.2 20030222 (Red Hat Linux 3.2.2-5)
configure:1562: $? = 0
configure:1564: gcc -V </dev/null >&5
gcc: argument to `-V' is missing
configure:1567: $? = 1
configure:1593: checking for C compiler default output
configure:1596: gcc    conftest.c  >&5
configure:1599: $? = 0
configure:1632: result: a.out
configure:1637: checking whether the C compiler works
configure:1643: ./a.out
configure:1646: $? = 0
configure:1661: result: yes
configure:1668: checking whether we are cross compiling
configure:1670: result: no
configure:1673: checking for suffix of executables
configure:1675: gcc -o conftest    conftest.c  >&5
configure:1678: $? = 0
configure:1700: result: 
configure:1706: checking for suffix of object files
configure:1730: gcc -c   conftest.c >&5
configure:1733: $? = 0
configure:1752: result: o
configure:1756: checking whether we are using the GNU C compiler
configure:1783: gcc -c   conftest.c >&5
configure:1786: $? = 0
configure:1789: test -s conftest.o
configure:1792: $? = 0
configure:1804: result: yes
configure:1810: checking whether gcc accepts -g
configure:1834: gcc -c -g  conftest.c >&5
configure:1837: $? = 0
configure:1840: test -s conftest.o
configure:1843: $? = 0
configure:1853: result: yes
configure:1880: gcc -c -g -O2  conftest.c >&5
conftest.c:2: parse error before "me"
configure:1883: $? = 1
configure: failed program was:
#ifndef __cplusplus
  choke me
#endif
configure:2045: checking for g++
configure:2061: found /usr/bin/g++
configure:2071: result: g++
configure:2087: checking for C++ compiler version
configure:2090: g++ --version </dev/null >&5
g++ (GCC) 3.2.2 20030222 (Red Hat Linux 3.2.2-5)
Copyright (C) 2002 Free Software Foundation, Inc.
This is free software; see the source for copying conditions.  There is NO
warranty; not even for MERCHANTABILITY or FITNESS FOR A PARTICULAR PURPOSE.

configure:2093: $? = 0
configure:2095: g++ -v </dev/null >&5
Reading specs from /usr/lib/gcc-lib/i386-redhat-linux/3.2.2/specs
Configured with: ../configure --prefix=/usr --mandir=/usr/share/man --infodir=/usr/share/info --enable-shared --enable-threads=posix --disable-checking --with-system-zlib --enable-__cxa_atexit --host=i386-redhat-linux
Thread model: posix
gcc version 3.2.2 20030222 (Red Hat Linux 3.2.2-5)
configure:2098: $? = 0
configure:2100: g++ -V </dev/null >&5
g++: argument to `-V' missing

configure:2103: $? = 1
configure:2106: checking whether we are using the GNU C++ compiler
configure:2133: g++ -c   conftest.cc >&5
configure:2136: $? = 0
configure:2139: test -s conftest.o
configure:2142: $? = 0
configure:2154: result: yes
configure:2160: checking whether g++ accepts -g
configure:2184: g++ -c -g  conftest.cc >&5
configure:2187: $? = 0
configure:2190: test -s conftest.o
configure:2193: $? = 0
configure:2203: result: yes
configure:2249: g++ -c -g -O2  conftest.cc >&5
configure:2252: $? = 0
configure:2255: test -s conftest.o
configure:2258: $? = 0
configure:2286: g++ -c -g -O2  conftest.cc >&5
configure: In function `int main()':
configure:2278: `exit' undeclared (first use this function)
configure:2278: (Each undeclared identifier is reported only once for each 
   function it appears in.)
configure:2289: $? = 1
configure: failed program was:
#line 2267 "configure"
#include "confdefs.h"

#ifdef F77_DUMMY_MAIN
#  ifdef __cplusplus
     extern "C"
#  endif
   int F77_DUMMY_MAIN() { return 1; }
#endif
int
main ()
{
exit (42);
  ;
  return 0;
}
configure:2249: g++ -c -g -O2  conftest.cc >&5
configure:2252: $? = 0
configure:2255: test -s conftest.o
configure:2258: $? = 0
configure:2286: g++ -c -g -O2  conftest.cc >&5
configure:2289: $? = 0
configure:2292: test -s conftest.o
configure:2295: $? = 0
configure:2318: checking whether gcc and cc understand -c and -o together
configure:2351: gcc -c conftest.c -o conftest.o >&5
configure:2354: $? = 0
configure:2356: gcc -c conftest.c -o conftest.o >&5
configure:2359: $? = 0
configure:2366: cc -c conftest.c >&5
configure:2369: $? = 0
configure:2372: cc -c conftest.c -o conftest.o >&5
configure:2375: $? = 0
configure:2377: cc -c conftest.c -o conftest.o >&5
configure:2380: $? = 0
configure:2398: result: yes
configure:2423: checking for ld
configure:2439: found /usr/bin/ld
configure:2449: result: ld
configure:2461: checking arguments for ld
configure:2477: result: -shared -soname
configure:2500: checking for ar
configure:2516: found /usr/bin/ar
configure:2526: result: ar
configure:2538: checking arguments for ar
configure:2554: result: qc
configure:2582: checking how to run the C preprocessor
configure:2608: gcc -E  conftest.c
configure:2614: $? = 0
configure:2641: gcc -E  conftest.c
configure:2637:28: ac_nonexistent.h: No such file or directory
configure:2647: $? = 1
configure: failed program was:
#line 2636 "configure"
#include "confdefs.h"
#include <ac_nonexistent.h>
configure:2684: result: gcc -E
configure:2699: gcc -E  conftest.c
configure:2705: $? = 0
configure:2732: gcc -E  conftest.c
configure:2728:28: ac_nonexistent.h: No such file or directory
configure:2738: $? = 1
configure: failed program was:
#line 2727 "configure"
#include "confdefs.h"
#include <ac_nonexistent.h>
configure:2778: checking for ANSI C header files
configure:2792: gcc -E  conftest.c
configure:2798: $? = 0
configure:2883: gcc -o conftest -g -O2   conftest.c  >&5
configure:2886: $? = 0
configure:2888: ./conftest
configure:2891: $? = 0
configure:2905: result: yes
configure:2929: checking for sys/types.h
configure:2942: gcc -c -g -O2  conftest.c >&5
configure:2945: $? = 0
configure:2948: test -s conftest.o
configure:2951: $? = 0
configure:2961: result: yes
configure:2929: checking for sys/stat.h
configure:2942: gcc -c -g -O2  conftest.c >&5
configure:2945: $? = 0
configure:2948: test -s conftest.o
configure:2951: $? = 0
configure:2961: result: yes
configure:2929: checking for stdlib.h
configure:2942: gcc -c -g -O2  conftest.c >&5
configure:2945: $? = 0
configure:2948: test -s conftest.o
configure:2951: $? = 0
configure:2961: result: yes
configure:2929: checking for string.h
configure:2942: gcc -c -g -O2  conftest.c >&5
configure:2945: $? = 0
configure:2948: test -s conftest.o
configure:2951: $? = 0
configure:2961: result: yes
configure:2929: checking for memory.h
configure:2942: gcc -c -g -O2  conftest.c >&5
configure:2945: $? = 0
configure:2948: test -s conftest.o
configure:2951: $? = 0
configure:2961: result: yes
configure:2929: checking for strings.h
configure:2942: gcc -c -g -O2  conftest.c >&5
configure:2945: $? = 0
configure:2948: test -s conftest.o
configure:2951: $? = 0
configure:2961: result: yes
configure:2929: checking for inttypes.h
configure:2942: gcc -c -g -O2  conftest.c >&5
configure:2945: $? = 0
configure:2948: test -s conftest.o
configure:2951: $? = 0
configure:2961: result: yes
configure:2929: checking for stdint.h
configure:2942: gcc -c -g -O2  conftest.c >&5
configure:2945: $? = 0
configure:2948: test -s conftest.o
configure:2951: $? = 0
configure:2961: result: yes
configure:2929: checking for unistd.h
configure:2942: gcc -c -g -O2  conftest.c >&5
configure:2945: $? = 0
configure:2948: test -s conftest.o
configure:2951: $? = 0
configure:2961: result: yes
configure:2983: checking sys/filio.h usability
configure:2992: gcc -c -g -O2  conftest.c >&5
configure:3020:23: sys/filio.h: No such file or directory
configure:2995: $? = 1
configure: failed program was:
#line 2985 "configure"
#include "confdefs.h"
#include <stdio.h>
#if HAVE_SYS_TYPES_H
# include <sys/types.h>
#endif
#if HAVE_SYS_STAT_H
# include <sys/stat.h>
#endif
#if STDC_HEADERS
# include <stdlib.h>
# include <stddef.h>
#else
# if HAVE_STDLIB_H
#  include <stdlib.h>
# endif
#endif
#if HAVE_STRING_H
# if !STDC_HEADERS && HAVE_MEMORY_H
#  include <memory.h>
# endif
# include <string.h>
#endif
#if HAVE_STRINGS_H
# include <strings.h>
#endif
#if HAVE_INTTYPES_H
# include <inttypes.h>
#else
# if HAVE_STDINT_H
#  include <stdint.h>
# endif
#endif
#if HAVE_UNISTD_H
# include <unistd.h>
#endif
#include <sys/filio.h>
configure:3010: result: no
configure:3014: checking sys/filio.h presence
configure:3021: gcc -E  conftest.c
configure:3017:23: sys/filio.h: No such file or directory
configure:3027: $? = 1
configure: failed program was:
#line 3016 "configure"
#include "confdefs.h"
#include <sys/filio.h>
configure:3045: result: no
configure:3063: checking for sys/filio.h
configure:3070: result: no
configure:3099: checking whether byte ordering is bigendian
configure:3129: gcc -c -g -O2  conftest.c >&5
configure:3132: $? = 0
configure:3135: test -s conftest.o
configure:3138: $? = 0
configure:3165: gcc -c -g -O2  conftest.c >&5
configure: In function `main':
configure:3155: `not' undeclared (first use in this function)
configure:3155: (Each undeclared identifier is reported only once
configure:3155: for each function it appears in.)
configure:3155: parse error before "big"
configure:3168: $? = 1
configure: failed program was:
#line 3141 "configure"
#include "confdefs.h"
#include <sys/types.h>
#include <sys/param.h>

#ifdef F77_DUMMY_MAIN
#  ifdef __cplusplus
     extern "C"
#  endif
   int F77_DUMMY_MAIN() { return 1; }
#endif
int
main ()
{
#if BYTE_ORDER != BIG_ENDIAN
 not big endian
#endif

  ;
  return 0;
}
configure:3282: result: no
configure:3307: checking last argument of getsockname
configure:3332: gcc -c -g -O2  conftest.c >&5
configure:3335: $? = 0
configure:3338: test -s conftest.o
configure:3341: $? = 0
configure:3344: result: unsigned int
configure:3356: checking if necessary options for multicasting are available
configure:3385: gcc -c -g -O2  conftest.c >&5
configure:3388: $? = 0
configure:3391: test -s conftest.o
configure:3394: $? = 0
configure:3397: result: yes
configure:3533: creating ./config.status

## ---------------------- ##
## Running config.status. ##
## ---------------------- ##

This file was extended by config.status, which was
generated by GNU Autoconf 2.53.  Invocation command line was

  CONFIG_FILES    = 
  CONFIG_HEADERS  = 
  CONFIG_LINKS    = 
  CONFIG_COMMANDS = 
  $ ./config.status 

on SrvWork

config.status:565: creating Makefile
config.status:565: creating rtpconfig_unix.h

## ---------------- ##
## Cache variables. ##
## ---------------- ##

ac_cv_c_bigendian=no
ac_cv_c_compiler_gnu=yes
ac_cv_cxx_compiler_gnu=yes
ac_cv_env_CC_set=
ac_cv_env_CC_value=
ac_cv_env_CFLAGS_set=
ac_cv_env_CFLAGS_value=
ac_cv_env_CPPFLAGS_set=
ac_cv_env_CPPFLAGS_value=
ac_cv_env_CPP_set=
ac_cv_env_CPP_value=
ac_cv_env_CXXFLAGS_set=
ac_cv_env_CXXFLAGS_value=
ac_cv_env_CXX_set=
ac_cv_env_CXX_value=
ac_cv_env_LDFLAGS_set=
ac_cv_env_LDFLAGS_value=
ac_cv_env_build_alias_set=
ac_cv_env_build_alias_value=
ac_cv_env_host_alias_set=
ac_cv_env_host_alias_value=
ac_cv_env_target_alias_set=
ac_cv_env_target_alias_value=
ac_cv_exeext=
ac_cv_header_inttypes_h=yes
ac_cv_header_memory_h=yes
ac_cv_header_stdc=yes
ac_cv_header_stdint_h=yes
ac_cv_header_stdlib_h=yes
ac_cv_header_string_h=yes
ac_cv_header_strings_h=yes
ac_cv_header_sys_filio_h=no
ac_cv_header_sys_stat_h=yes
ac_cv_header_sys_types_h=yes
ac_cv_header_unistd_h=yes
ac_cv_objext=o
ac_cv_prog_CPP='gcc -E'
ac_cv_prog_RTP_AR=ar
ac_cv_prog_RTP_LD=ld
ac_cv_prog_ac_ct_CC=gcc
ac_cv_prog_ac_ct_CXX=g++
ac_cv_prog_cc_g=yes
ac_cv_prog_cc_gcc_c_o=yes
ac_cv_prog_cxx_g=yes

## ----------- ##
## confdefs.h. ##
## ----------- ##

#define PACKAGE_NAME ""
#define PACKAGE_TARNAME ""
#define PACKAGE_VERSION ""
#define PACKAGE_STRING ""
#define PACKAGE_BUGREPORT ""
#ifdef __cplusplus
#include <stdlib.h>
#endif
#define STDC_HEADERS 1
#define HAVE_SYS_TYPES_H 1
#define HAVE_SYS_STAT_H 1
#define HAVE_STDLIB_H 1
#define HAVE_STRING_H 1
#define HAVE_MEMORY_H 1
#define HAVE_STRINGS_H 1
#define HAVE_INTTYPES_H 1
#define HAVE_STDINT_H 1
#define HAVE_UNISTD_H 1

configure: exit 0
